<?xml version="1.0" encoding="UTF-8"?>
<!-- Generated by org.testng.reporters.JUnitXMLReporter -->
<testsuite ignored="0" hostname="Sandeep" failures="0" tests="1" name="master" time="0.073" errors="0" timestamp="2025-11-19T12:35:48 IST">
  <testcase classname="testCases.BaseClass" name="@BeforeClass setup" time="0.016">
    <failure type="java.io.FileNotFoundException" message=".\src\resources\config.properties (The system cannot find the path specified)">
      <![CDATA[java.io.FileNotFoundException: .\src\resources\config.properties (The system cannot find the path specified)
at java.base/java.io.FileInputStream.open0(Native Method)
at java.base/java.io.FileInputStream.open(FileInputStream.java:216)
at java.base/java.io.FileInputStream.<init>(FileInputStream.java:157)
at java.base/java.io.FileInputStream.<init>(FileInputStream.java:111)
at java.base/java.io.FileReader.<init>(FileReader.java:60)
at testCases.BaseClass.setup(BaseClass.java:39)
at java.base/java.util.ArrayList.forEach(ArrayList.java:1511)
... Removed 25 stack frames]]>
    </failure>
  </testcase> <!-- @BeforeClass setup -->
  <testcase classname="testCases.BaseClass" name="@AfterClass teatDown" time="0.0">
    <skipped/>
  </testcase> <!-- @AfterClass teatDown -->
  <testcase classname="testCases.TC001_AccountRegistrationTest" name="Verify_accout_registration" time="0.0">
    <skipped/>
  </testcase> <!-- Verify_accout_registration -->
</testsuite> <!-- master -->
