<?xml version="1.0" encoding="UTF-8"?>
<!-- Generated by org.testng.reporters.JUnitReportReporter -->
<testsuite hostname="Sandeep" failures="0" tests="3" name="testCases.TC001_AccountRegistrationTest" time="39.325" errors="0" timestamp="2025-11-21T02:01:56 IST" skipped="0">
  <testcase classname="testCases.TC001_AccountRegistrationTest" name="Verify_accout_registration" time="12.594"/>
  <testcase classname="testCases.TC001_AccountRegistrationTest" name="Verify_accout_registration" time="13.330"/>
  <testcase classname="testCases.TC001_AccountRegistrationTest" name="Verify_accout_registration" time="13.401"/>
</testsuite> <!-- testCases.TC001_AccountRegistrationTest -->
